<?xml version="1.0" encoding="UTF-8"?>
<!-- Generated by org.testng.reporters.JUnitReportReporter -->
<testsuite skipped="0" hostname="DESKTOP-VN0JMBA" name="util.readexcel.ExecuteTestCaseTestNG" tests="1" failures="0" timestamp="26 Aug 2018 15:27:13 GMT" time="30.775" errors="0">
  <testcase name="test" time="30.775" classname="util.readexcel.ExecuteTestCaseTestNG"/>
</testsuite> <!-- util.readexcel.ExecuteTestCaseTestNG -->
